[16:56:58] [Client thread/INFO]: Setting user: TypeScripter
[16:56:58] [Client thread/INFO]: (Session ID is token:0:TypeScripter)
[16:57:00] [Client thread/INFO]: LWJGL Version: 2.9.4
[16:57:00] [Client thread/INFO]: Reloading ResourceManager: Default
[16:57:00] [Client thread/ERROR]: Couldn't initialize twitch stream
[16:57:00] [Sound Library Loader/INFO]: Starting up SoundSystem...
[16:57:01] [Thread-5/INFO]: Initializing LWJGL OpenAL
[16:57:01] [Thread-5/INFO]: (The LWJGL binding of OpenAL.  For more information, see http://www.lwjgl.org)
[16:57:01] [Thread-5/INFO]: OpenAL initialized.
[16:57:01] [Sound Library Loader/INFO]: Sound engine started
[16:57:02] [Client thread/INFO]: Created: 512x512 textures-atlas
[16:57:04] [Client thread/WARN]: Unable to play unknown soundEvent: minecraft:gui.button.press
[16:57:04] [Client thread/WARN]: Unable to play unknown soundEvent: minecraft:gui.button.press
[16:57:05] [Client thread/WARN]: Unable to play unknown soundEvent: minecraft:gui.button.press
[16:57:05] [Client thread/WARN]: Unable to play unknown soundEvent: minecraft:gui.button.press
[16:57:08] [Client thread/WARN]: Unable to play unknown soundEvent: minecraft:music.menu
[16:57:19] [Client thread/WARN]: Unable to play unknown soundEvent: minecraft:gui.button.press
[16:57:19] [Client thread/INFO]: Stopping!
[16:57:19] [Client thread/INFO]: SoundSystem shutting down...
[16:57:19] [Client thread/WARN]: Author: Paul Lamb, www.paulscode.com
